<?xml version="1.0" encoding="UTF-8"?>
<!-- Generated by org.testng.reporters.JUnitXMLReporter -->
<testsuite hostname="ALIPL0628" name="Test" tests="1" failures="1" timestamp="28 Dec 2016 13:43:59 GMT" time="9.897" errors="0">
  <testcase name="googleSearchTest" time="9.881" classname="com.rashmi.GoogleSearchTest">
    <failure type="java.lang.NullPointerException">
      <![CDATA[java.lang.NullPointerException
	at com.rashmi.ExcelData.getExcelData(ExcelData.java:22)
	at com.rashmi.GoogleSearchTest.googleSearchTest(GoogleSearchTest.java:27)
... Removed 25 stack frames]]>
    </failure>
  </testcase> <!-- googleSearchTest -->
</testsuite> <!-- Test -->
