<?xml version="1.0" encoding="UTF-8"?>
<testng-results skipped="0" failed="0" total="1" passed="1">
  <reporter-output>
  </reporter-output>
  <suite name="Default suite" duration-ms="50582" started-at="2016-12-28T14:23:28Z" finished-at="2016-12-28T14:24:18Z">
    <groups>
    </groups>
    <test name="Default test" duration-ms="50582" started-at="2016-12-28T14:23:28Z" finished-at="2016-12-28T14:24:18Z">
      <class name="com.chintu.TESTNGTest">
        <test-method status="PASS" signature="beforeTest()[pri:0, instance:com.chintu.TESTNGTest@4520ebad]" name="beforeTest" is-config="true" duration-ms="6" started-at="2016-12-28T19:53:28Z" finished-at="2016-12-28T19:53:28Z">
          <reporter-output>
          </reporter-output>
        </test-method> <!-- beforeTest -->
        <test-method status="PASS" signature="beforeClass()[pri:0, instance:com.chintu.TESTNGTest@4520ebad]" name="beforeClass" is-config="true" duration-ms="0" started-at="2016-12-28T19:53:28Z" finished-at="2016-12-28T19:53:28Z">
          <reporter-output>
          </reporter-output>
        </test-method> <!-- beforeClass -->
        <test-method status="PASS" signature="f()[pri:0, instance:com.chintu.TESTNGTest@4520ebad]" name="f" duration-ms="50559" started-at="2016-12-28T19:53:28Z" finished-at="2016-12-28T19:54:18Z">
          <reporter-output>
          </reporter-output>
        </test-method> <!-- f -->
        <test-method status="PASS" signature="afterClass()[pri:0, instance:com.chintu.TESTNGTest@4520ebad]" name="afterClass" is-config="true" duration-ms="0" started-at="2016-12-28T19:54:18Z" finished-at="2016-12-28T19:54:18Z">
          <reporter-output>
          </reporter-output>
        </test-method> <!-- afterClass -->
        <test-method status="PASS" signature="afterTest()[pri:0, instance:com.chintu.TESTNGTest@4520ebad]" name="afterTest" is-config="true" duration-ms="0" started-at="2016-12-28T19:54:18Z" finished-at="2016-12-28T19:54:18Z">
          <reporter-output>
          </reporter-output>
        </test-method> <!-- afterTest -->
      </class> <!-- com.chintu.TESTNGTest -->
    </test> <!-- Default test -->
  </suite> <!-- Default suite -->
</testng-results>
